Determining if files pthread.h exist failed with the following output:
Change Dir: F:/sandbox/mpv/build/CMakeFiles/CMakeTmp

Run Build Command:F:/Qt/2009.01/mingw/bin/mingw32-make.exe "cmTryCompileExec/fast"
F:/Qt/2009.01/mingw/bin/mingw32-make.exe -f CMakeFiles\cmTryCompileExec.dir\build.make CMakeFiles/cmTryCompileExec.dir/build
mingw32-make.exe[1]: Entering directory `F:/sandbox/mpv/build/CMakeFiles/CMakeTmp'
"C:\Program Files\CMake 2.6\bin\cmake.exe" -E cmake_progress_report F:\sandbox\mpv\build\CMakeFiles\CMakeTmp\CMakeFiles 1
Building C object CMakeFiles/cmTryCompileExec.dir/CheckIncludeFiles.c.obj
F:\Qt\2009.01\mingw\bin\gcc.exe    -o CMakeFiles\cmTryCompileExec.dir\CheckIncludeFiles.c.obj   -c F:\sandbox\mpv\build\CMakeFiles\CMakeTmp\CheckIncludeFiles.c
F:\sandbox\mpv\build\CMakeFiles\CMakeTmp\CheckIncludeFiles.c:2:21: pthread.h: No such file or directory
mingw32-make.exe[1]: *** [CMakeFiles/cmTryCompileExec.dir/CheckIncludeFiles.c.obj] Error 1
mingw32-make.exe[1]: Leaving directory `F:/sandbox/mpv/build/CMakeFiles/CMakeTmp'
mingw32-make.exe: *** [cmTryCompileExec/fast] Error 2

Source:
/* */
#include <pthread.h>


int main(){return 0;}

Determining if the system is big endian passed with the following output:
Change Dir: F:/sandbox/mpv/build/CMakeFiles/CMakeTmp

Run Build Command:F:/Qt/2009.01/mingw/bin/mingw32-make.exe "cmTryCompileExec/fast"
F:/Qt/2009.01/mingw/bin/mingw32-make.exe -f CMakeFiles\cmTryCompileExec.dir\build.make CMakeFiles/cmTryCompileExec.dir/build
mingw32-make.exe[1]: Entering directory `F:/sandbox/mpv/build/CMakeFiles/CMakeTmp'
"C:\Program Files\CMake 2.6\bin\cmake.exe" -E cmake_progress_report F:\sandbox\mpv\build\CMakeFiles\CMakeTmp\CMakeFiles 1
Building C object CMakeFiles/cmTryCompileExec.dir/TestEndianess.c.obj
F:\Qt\2009.01\mingw\bin\gcc.exe    -o CMakeFiles\cmTryCompileExec.dir\TestEndianess.c.obj   -c F:\sandbox\mpv\build\CMakeFiles\CMakeTmp\TestEndianess.c
Linking C executable cmTryCompileExec.exe
"C:\Program Files\CMake 2.6\bin\cmake.exe" -E cmake_link_script CMakeFiles\cmTryCompileExec.dir\link.txt --verbose=1
F:\Qt\2009.01\mingw\bin\gcc.exe        CMakeFiles\cmTryCompileExec.dir\TestEndianess.c.obj  -o cmTryCompileExec.exe -Wl,--out-implib,libcmTryCompileExec.dll.a -Wl,--major-image-version,0,--minor-image-version,0  -lkernel32 -luser32 -lgdi32 -lwinspool -lshell32 -lole32 -loleaut32 -luuid -lcomdlg32 -ladvapi32 
mingw32-make.exe[1]: Leaving directory `F:/sandbox/mpv/build/CMakeFiles/CMakeTmp'

TestEndianess.c:
/* A 16 bit integer is required. */
typedef unsigned short cmakeint16;

/* On a little endian machine, these 16bit ints will give "THIS IS LITTLE ENDIAN."
   On a big endian machine the characters will be exchanged pairwise. */
const cmakeint16 info_little[] =  {0x4854, 0x5349, 0x4920, 0x2053, 0x494c, 0x5454, 0x454c, 0x4520, 0x444e, 0x4149, 0x2e4e, 0x0000};

/* on a big endian machine, these 16bit ints will give "THIS IS BIG ENDIAN."
   On a little endian machine the characters will be exchanged pairwise. */
const cmakeint16 info_big[] =     {0x5448, 0x4953, 0x2049, 0x5320, 0x4249, 0x4720, 0x454e, 0x4449, 0x414e, 0x2e2e, 0x0000};

#ifdef __CLASSIC_C__
int main(argc, argv) int argc; char *argv[];
#else
int main(int argc, char *argv[])
#endif
{
  int require = 0;
  require += info_little[argc];
  require += info_big[argc];
  (void)argv;
  return require;
}


